<?xml version="1.0" encoding="UTF-8"?>
<!-- Generated by org.testng.reporters.JUnitXMLReporter -->
<testsuite hostname="zjh" name="公告列表|消息列表|展示图列|表商城信息" tests="18" failures="3" timestamp="20 Dec 2016 09:54:29 GMT" time="154.991" errors="0">
  <testcase name="loginTest" time="9.361" classname="cn.Wolf.testScripts.BackAnnouncementTest"/>
  <testcase name="addAnnouncementTest" time="10.76" classname="cn.Wolf.testScripts.BackAnnouncementTest"/>
  <testcase name="addTest" time="14.36" classname="cn.Wolf.testScripts.BackAnnouncementTest"/>
  <testcase name="changeTest" time="19.865" classname="cn.Wolf.testScripts.BackAnnouncementTest"/>
  <testcase name="checkboxTest" time="5.103" classname="cn.Wolf.testScripts.BackAnnouncementTest"/>
  <testcase name="nextPageTest" time="0.043" classname="cn.Wolf.testScripts.BackAnnouncementTest">
    <failure type="org.openqa.selenium.NoSuchElementException" message="Unable to locate element: {&amp;quot;method&amp;quot;:&amp;quot;xpath&amp;quot;,&amp;quot;selector&amp;quot;:&amp;quot;//*[@id=&amp;apos;sample-table-1&amp;apos;]/tbody/tr[4]/td/ul/li[5]/a&amp;quot;}
Command duration or timeout: 39 milliseconds
For documentation on this error, please visit: http://seleniumhq.org/exceptions/no_such_element.html
Build info: version: &amp;apos;2.53.0&amp;apos;, revision: &amp;apos;35ae25b&amp;apos;, time: &amp;apos;2016-03-15 17:00:58&amp;apos;
System info: host: &amp;apos;zjh&amp;apos;, ip: &amp;apos;10.7.90.177&amp;apos;, os.name: &amp;apos;Windows 10&amp;apos;, os.arch: &amp;apos;amd64&amp;apos;, os.version: &amp;apos;10.0&amp;apos;, java.version: &amp;apos;1.8.0_101&amp;apos;
Driver info: org.openqa.selenium.firefox.FirefoxDriver
Capabilities [{applicationCacheEnabled=true, rotatable=false, handlesAlerts=true, databaseEnabled=true, version=43.0.1, platform=WINDOWS, nativeEvents=false, acceptSslCerts=true, webStorageEnabled=true, locationContextEnabled=true, browserName=firefox, takesScreenshot=true, javascriptEnabled=true, cssSelectorsEnabled=true}]
Session ID: 46ed2034-0b4a-4bef-a194-8464eebc39d3
*** Element info: {Using=xpath, value=//*[@id=&amp;apos;sample-table-1&amp;apos;]/tbody/tr[4]/td/ul/li[5]/a}">
      <![CDATA[org.openqa.selenium.NoSuchElementException: Unable to locate element: {"method":"xpath","selector":"//*[@id='sample-table-1']/tbody/tr[4]/td/ul/li[5]/a"}
Command duration or timeout: 39 milliseconds
For documentation on this error, please visit: http://seleniumhq.org/exceptions/no_such_element.html
Build info: version: '2.53.0', revision: '35ae25b', time: '2016-03-15 17:00:58'
System info: host: 'zjh', ip: '10.7.90.177', os.name: 'Windows 10', os.arch: 'amd64', os.version: '10.0', java.version: '1.8.0_101'
Driver info: org.openqa.selenium.firefox.FirefoxDriver
Capabilities [{applicationCacheEnabled=true, rotatable=false, handlesAlerts=true, databaseEnabled=true, version=43.0.1, platform=WINDOWS, nativeEvents=false, acceptSslCerts=true, webStorageEnabled=true, locationContextEnabled=true, browserName=firefox, takesScreenshot=true, javascriptEnabled=true, cssSelectorsEnabled=true}]
Session ID: 46ed2034-0b4a-4bef-a194-8464eebc39d3
*** Element info: {Using=xpath, value=//*[@id='sample-table-1']/tbody/tr[4]/td/ul/li[5]/a}
	at org.openqa.selenium.remote.ErrorHandler.createThrowable(ErrorHandler.java:206)
	at org.openqa.selenium.remote.ErrorHandler.throwIfResponseFailed(ErrorHandler.java:158)
	at org.openqa.selenium.remote.RemoteWebDriver.execute(RemoteWebDriver.java:678)
	at org.openqa.selenium.remote.RemoteWebDriver.findElement(RemoteWebDriver.java:363)
	at org.openqa.selenium.remote.RemoteWebDriver.findElementByXPath(RemoteWebDriver.java:500)
	at org.openqa.selenium.By$ByXPath.findElement(By.java:361)
	at org.openqa.selenium.remote.RemoteWebDriver.findElement(RemoteWebDriver.java:355)
	at org.openqa.selenium.support.pagefactory.DefaultElementLocator.findElement(DefaultElementLocator.java:69)
	at org.openqa.selenium.support.pagefactory.internal.LocatingElementHandler.invoke(LocatingElementHandler.java:38)
	at com.sun.proxy.$Proxy9.click(Unknown Source)
	at cn.Wolf.cores.WebDriverEngine2.click(WebDriverEngine2.java:185)
	at cn.Wolf.testScripts.BackAnnouncementTest.nextPageTest(BackAnnouncementTest.java:55)
Caused by: org.openqa.selenium.NoSuchElementException: Unable to locate element: {"method":"xpath","selector":"//*[@id='sample-table-1']/tbody/tr[4]/td/ul/li[5]/a"}
For documentation on this error, please visit: http://seleniumhq.org/exceptions/no_such_element.html
Build info: version: '2.53.0', revision: '35ae25b', time: '2016-03-15 17:00:58'
System info: host: 'zjh', ip: '10.7.90.177', os.name: 'Windows 10', os.arch: 'amd64', os.version: '10.0', java.version: '1.8.0_101'
Driver info: driver.version: unknown
	at <anonymous class>.FirefoxDriver.prototype.findElementInternal_(file:///D:/personal/anonymous7259252748786319648webdriver-profile/extensions/fxdriver@googlecode.com/components/driver-component.js:10770)
	at <anonymous class>.FirefoxDriver.prototype.findElement(file:///D:/personal/anonymous7259252748786319648webdriver-profile/extensions/fxdriver@googlecode.com/components/driver-component.js:10779)
	at <anonymous class>.DelayedCommand.prototype.executeInternal_/h(file:///D:/personal/anonymous7259252748786319648webdriver-profile/extensions/fxdriver@googlecode.com/components/command-processor.js:12661)
	at <anonymous class>.DelayedCommand.prototype.executeInternal_(file:///D:/personal/anonymous7259252748786319648webdriver-profile/extensions/fxdriver@googlecode.com/components/command-processor.js:12666)
	at <anonymous class>.DelayedCommand.prototype.execute/<(file:///D:/personal/anonymous7259252748786319648webdriver-profile/extensions/fxdriver@googlecode.com/components/command-processor.js:12608)
... Removed 27 stack frames]]>
    </failure>
  </testcase> <!-- nextPageTest -->
  <testcase name="deleteTest" time="3.095" classname="cn.Wolf.testScripts.BackAnnouncementTest">
    <failure type="java.lang.NullPointerException">
      <![CDATA[java.lang.NullPointerException
	at cn.Wolf.testScripts.BackAnnouncementTest.deleteTest(BackAnnouncementTest.java:64)
... Removed 24 stack frames]]>
    </failure>
  </testcase> <!-- deleteTest -->
  <testcase name="loginTest" time="0.081" classname="cn.Wolf.testScripts.BackMessageTest">
    <failure type="org.openqa.selenium.NoSuchElementException" message="Unable to locate element: {&amp;quot;method&amp;quot;:&amp;quot;name&amp;quot;,&amp;quot;selector&amp;quot;:&amp;quot;name&amp;quot;}
Command duration or timeout: 19 milliseconds
For documentation on this error, please visit: http://seleniumhq.org/exceptions/no_such_element.html
Build info: version: &amp;apos;2.53.0&amp;apos;, revision: &amp;apos;35ae25b&amp;apos;, time: &amp;apos;2016-03-15 17:00:58&amp;apos;
System info: host: &amp;apos;zjh&amp;apos;, ip: &amp;apos;10.7.90.177&amp;apos;, os.name: &amp;apos;Windows 10&amp;apos;, os.arch: &amp;apos;amd64&amp;apos;, os.version: &amp;apos;10.0&amp;apos;, java.version: &amp;apos;1.8.0_101&amp;apos;
Driver info: org.openqa.selenium.firefox.FirefoxDriver
Capabilities [{applicationCacheEnabled=true, rotatable=false, handlesAlerts=true, databaseEnabled=true, version=43.0.1, platform=WINDOWS, nativeEvents=false, acceptSslCerts=true, webStorageEnabled=true, locationContextEnabled=true, browserName=firefox, takesScreenshot=true, javascriptEnabled=true, cssSelectorsEnabled=true}]
Session ID: 46ed2034-0b4a-4bef-a194-8464eebc39d3
*** Element info: {Using=name, value=name}">
      <![CDATA[org.openqa.selenium.NoSuchElementException: Unable to locate element: {"method":"name","selector":"name"}
Command duration or timeout: 19 milliseconds
For documentation on this error, please visit: http://seleniumhq.org/exceptions/no_such_element.html
Build info: version: '2.53.0', revision: '35ae25b', time: '2016-03-15 17:00:58'
System info: host: 'zjh', ip: '10.7.90.177', os.name: 'Windows 10', os.arch: 'amd64', os.version: '10.0', java.version: '1.8.0_101'
Driver info: org.openqa.selenium.firefox.FirefoxDriver
Capabilities [{applicationCacheEnabled=true, rotatable=false, handlesAlerts=true, databaseEnabled=true, version=43.0.1, platform=WINDOWS, nativeEvents=false, acceptSslCerts=true, webStorageEnabled=true, locationContextEnabled=true, browserName=firefox, takesScreenshot=true, javascriptEnabled=true, cssSelectorsEnabled=true}]
Session ID: 46ed2034-0b4a-4bef-a194-8464eebc39d3
*** Element info: {Using=name, value=name}
	at org.openqa.selenium.remote.ErrorHandler.createThrowable(ErrorHandler.java:206)
	at org.openqa.selenium.remote.ErrorHandler.throwIfResponseFailed(ErrorHandler.java:158)
	at org.openqa.selenium.remote.RemoteWebDriver.execute(RemoteWebDriver.java:678)
	at org.openqa.selenium.remote.RemoteWebDriver.findElement(RemoteWebDriver.java:363)
	at org.openqa.selenium.remote.RemoteWebDriver.findElementByName(RemoteWebDriver.java:461)
	at org.openqa.selenium.By$ByName.findElement(By.java:303)
	at org.openqa.selenium.remote.RemoteWebDriver.findElement(RemoteWebDriver.java:355)
	at org.openqa.selenium.support.pagefactory.DefaultElementLocator.findElement(DefaultElementLocator.java:69)
	at org.openqa.selenium.support.pagefactory.internal.LocatingElementHandler.invoke(LocatingElementHandler.java:38)
	at com.sun.proxy.$Proxy9.sendKeys(Unknown Source)
	at cn.Wolf.cores.WebDriverEngine2.type(WebDriverEngine2.java:161)
	at cn.Wolf.testScripts.BackLoginTest.loginTest(BackLoginTest.java:13)
Caused by: org.openqa.selenium.NoSuchElementException: Unable to locate element: {"method":"name","selector":"name"}
For documentation on this error, please visit: http://seleniumhq.org/exceptions/no_such_element.html
Build info: version: '2.53.0', revision: '35ae25b', time: '2016-03-15 17:00:58'
System info: host: 'zjh', ip: '10.7.90.177', os.name: 'Windows 10', os.arch: 'amd64', os.version: '10.0', java.version: '1.8.0_101'
Driver info: driver.version: unknown
	at <anonymous class>.FirefoxDriver.prototype.findElementInternal_(file:///D:/personal/anonymous7259252748786319648webdriver-profile/extensions/fxdriver@googlecode.com/components/driver-component.js:10770)
	at <anonymous class>.FirefoxDriver.prototype.findElement(file:///D:/personal/anonymous7259252748786319648webdriver-profile/extensions/fxdriver@googlecode.com/components/driver-component.js:10779)
	at <anonymous class>.DelayedCommand.prototype.executeInternal_/h(file:///D:/personal/anonymous7259252748786319648webdriver-profile/extensions/fxdriver@googlecode.com/components/command-processor.js:12661)
	at <anonymous class>.DelayedCommand.prototype.executeInternal_(file:///D:/personal/anonymous7259252748786319648webdriver-profile/extensions/fxdriver@googlecode.com/components/command-processor.js:12666)
	at <anonymous class>.DelayedCommand.prototype.execute/<(file:///D:/personal/anonymous7259252748786319648webdriver-profile/extensions/fxdriver@googlecode.com/components/command-processor.js:12608)
... Removed 27 stack frames]]>
    </failure>
  </testcase> <!-- loginTest -->
  <testcase name="messageTest" time="10.724" classname="cn.Wolf.testScripts.BackMessageTest"/>
  <testcase name="loginTest" time="9.095" classname="cn.Wolf.testScripts.BackPresentationDiagramTest"/>
  <testcase name="presentationDiagramTest" time="10.87" classname="cn.Wolf.testScripts.BackPresentationDiagramTest"/>
  <testcase name="expiredTest" time="5.328" classname="cn.Wolf.testScripts.BackPresentationDiagramTest"/>
  <testcase name="newAddTest" time="5.391" classname="cn.Wolf.testScripts.BackPresentationDiagramTest"/>
  <testcase name="alreadyReleasedTest" time="5.397" classname="cn.Wolf.testScripts.BackPresentationDiagramTest"/>
  <testcase name="addPresentationDiagramTest" time="10.003" classname="cn.Wolf.testScripts.BackPresentationDiagramTest"/>
  <testcase name="loginTest" time="9.154" classname="cn.Wolf.testScripts.BackMallTest"/>
  <testcase name="presentationDiagramTest" time="10.676" classname="cn.Wolf.testScripts.BackMallTest"/>
  <testcase name="modifyTest" time="10.296" classname="cn.Wolf.testScripts.BackMallTest"/>
</testsuite> <!-- 公告列表|消息列表|展示图列|表商城信息 -->
