<html>
<head>
<title>TestNG:  搜索模块用例|我的订单模块用例</title>
<link href="../testng.css" rel="stylesheet" type="text/css" />
<link href="../my-testng.css" rel="stylesheet" type="text/css" />

<style type="text/css">
.log { display: none;} 
.stack-trace { display: none;} 
</style>
<script type="text/javascript">
<!--
function flip(e) {
  current = e.style.display;
  if (current == 'block') {
    e.style.display = 'none';
    return 0;
  }
  else {
    e.style.display = 'block';
    return 1;
  }
}

function toggleBox(szDivId, elem, msg1, msg2)
{
  var res = -1;  if (document.getElementById) {
    res = flip(document.getElementById(szDivId));
  }
  else if (document.all) {
    // this is the way old msie versions work
    res = flip(document.all[szDivId]);
  }
  if(elem) {
    if(res == 0) elem.innerHTML = msg1; else elem.innerHTML = msg2;
  }

}

function toggleAllBoxes() {
  if (document.getElementsByTagName) {
    d = document.getElementsByTagName('div');
    for (i = 0; i < d.length; i++) {
      if (d[i].className == 'log') {
        flip(d[i]);
      }
    }
  }
}

// -->
</script>

</head>
<body>
<h2 align='center'>搜索模块用例|我的订单模块用例</h2><table border='1' align="center">
<tr>
<td>Tests passed/Failed/Skipped:</td><td>13/1/0</td>
</tr><tr>
<td>Started on:</td><td>Tue Dec 20 17:35:41 CST 2016</td>
</tr>
<tr><td>Total time:</td><td>136 seconds (136823 ms)</td>
</tr><tr>
<td>Included groups:</td><td></td>
</tr><tr>
<td>Excluded groups:</td><td></td>
</tr>
</table><p/>
<small><i>(Hover the method name to see the test class name)</i></small><p/>
<table width='100%' border='1' class='invocation-failed'>
<tr><td colspan='4' align='center'><b>FAILED TESTS</b></td></tr>
<tr><td><b>Test method</b></td>
<td width="30%"><b>Exception</b></td>
<td width="10%"><b>Time (seconds)</b></td>
<td><b>Instance</b></td>
</tr>
<tr>
<td title='cn.Wolf.testScripts.FrontMyOrderTest.shopTest()'><b>shopTest</b><br>Test class: cn.Wolf.testScripts.FrontMyOrderTest</td>
<td><div><pre>org.openqa.selenium.NoAlertPresentException: No alert is present (WARNING: The server did not provide any stacktrace information)
Command duration or timeout: 2.34 seconds
Build info: version: &apos;2.53.0&apos;, revision: &apos;35ae25b&apos;, time: &apos;2016-03-15 17:00:58&apos;
System info: host: &apos;zjh&apos;, ip: &apos;10.7.90.177&apos;, os.name: &apos;Windows 10&apos;, os.arch: &apos;amd64&apos;, os.version: &apos;10.0&apos;, java.version: &apos;1.8.0_101&apos;
Driver info: org.openqa.selenium.firefox.FirefoxDriver
Capabilities [{applicationCacheEnabled=true, rotatable=false, handlesAlerts=true, databaseEnabled=true, version=43.0.1, platform=WINDOWS, nativeEvents=false, acceptSslCerts=true, webStorageEnabled=true, locationContextEnabled=true, browserName=firefox, takesScreenshot=true, javascriptEnabled=true, cssSelectorsEnabled=true}]
Session ID: fcc40e99-66eb-47c2-945c-70adf38ab2ae
	at org.openqa.selenium.remote.ErrorHandler.createThrowable(ErrorHandler.java:206)
	at org.openqa.selenium.remote.ErrorHandler.throwIfResponseFailed(ErrorHandler.java:158)
	at org.openqa.selenium.remote.RemoteWebDriver.execute(RemoteWebDriver.java:678)
	at org.openqa.selenium.remote.RemoteWebDriver.execute(RemoteWebDriver.java:701)
	at org.openqa.selenium.remote.RemoteWebDriver$RemoteTargetLocator.alert(RemoteWebDriver.java:1049)
	at cn.Wolf.cores.WebDriverEngine.getAlert(WebDriverEngine.java:354)
	at cn.Wolf.cores.WebDriverEngine.alertAccept(WebDriverEngine.java:416)
	at cn.Wolf.appModules.Shopcar.ShopcarTest(Shopcar.java:26)
	at cn.Wolf.testScripts.FrontMyOrderTest.shopTest(FrontMyOrderTest.java:26)
... Removed 28 stack frames</pre></div><a href='#' onClick='toggleBox("stack-trace594651850", this, "Click to show all stack frames", "Click to hide stack frames")'>Click to show all stack frames</a>
<div class='stack-trace' id='stack-trace594651850'><pre>org.openqa.selenium.NoAlertPresentException: No alert is present (WARNING: The server did not provide any stacktrace information)
Command duration or timeout: 2.34 seconds
Build info: version: &apos;2.53.0&apos;, revision: &apos;35ae25b&apos;, time: &apos;2016-03-15 17:00:58&apos;
System info: host: &apos;zjh&apos;, ip: &apos;10.7.90.177&apos;, os.name: &apos;Windows 10&apos;, os.arch: &apos;amd64&apos;, os.version: &apos;10.0&apos;, java.version: &apos;1.8.0_101&apos;
Driver info: org.openqa.selenium.firefox.FirefoxDriver
Capabilities [{applicationCacheEnabled=true, rotatable=false, handlesAlerts=true, databaseEnabled=true, version=43.0.1, platform=WINDOWS, nativeEvents=false, acceptSslCerts=true, webStorageEnabled=true, locationContextEnabled=true, browserName=firefox, takesScreenshot=true, javascriptEnabled=true, cssSelectorsEnabled=true}]
Session ID: fcc40e99-66eb-47c2-945c-70adf38ab2ae
	at sun.reflect.NativeConstructorAccessorImpl.newInstance0(Native Method)
	at sun.reflect.NativeConstructorAccessorImpl.newInstance(Unknown Source)
	at sun.reflect.DelegatingConstructorAccessorImpl.newInstance(Unknown Source)
	at java.lang.reflect.Constructor.newInstance(Unknown Source)
	at org.openqa.selenium.remote.ErrorHandler.createThrowable(ErrorHandler.java:206)
	at org.openqa.selenium.remote.ErrorHandler.throwIfResponseFailed(ErrorHandler.java:158)
	at org.openqa.selenium.remote.RemoteWebDriver.execute(RemoteWebDriver.java:678)
	at org.openqa.selenium.remote.RemoteWebDriver.execute(RemoteWebDriver.java:701)
	at org.openqa.selenium.remote.RemoteWebDriver$RemoteTargetLocator.alert(RemoteWebDriver.java:1049)
	at cn.Wolf.cores.WebDriverEngine.getAlert(WebDriverEngine.java:354)
	at cn.Wolf.cores.WebDriverEngine.alertAccept(WebDriverEngine.java:416)
	at cn.Wolf.appModules.Shopcar.ShopcarTest(Shopcar.java:26)
	at cn.Wolf.testScripts.FrontMyOrderTest.shopTest(FrontMyOrderTest.java:26)
	at sun.reflect.NativeMethodAccessorImpl.invoke0(Native Method)
	at sun.reflect.NativeMethodAccessorImpl.invoke(Unknown Source)
	at sun.reflect.DelegatingMethodAccessorImpl.invoke(Unknown Source)
	at java.lang.reflect.Method.invoke(Unknown Source)
	at org.testng.internal.MethodInvocationHelper.invokeMethod(MethodInvocationHelper.java:84)
	at org.testng.internal.Invoker.invokeMethod(Invoker.java:714)
	at org.testng.internal.Invoker.invokeTestMethod(Invoker.java:901)
	at org.testng.internal.Invoker.invokeTestMethods(Invoker.java:1231)
	at org.testng.internal.TestMethodWorker.invokeTestMethods(TestMethodWorker.java:127)
	at org.testng.internal.TestMethodWorker.run(TestMethodWorker.java:111)
	at org.testng.TestRunner.privateRun(TestRunner.java:767)
	at org.testng.TestRunner.run(TestRunner.java:617)
	at org.testng.SuiteRunner.runTest(SuiteRunner.java:335)
	at org.testng.SuiteRunner.runSequentially(SuiteRunner.java:330)
	at org.testng.SuiteRunner.privateRun(SuiteRunner.java:291)
	at org.testng.SuiteRunner.run(SuiteRunner.java:240)
	at org.testng.SuiteRunnerWorker.runSuite(SuiteRunnerWorker.java:52)
	at org.testng.SuiteRunnerWorker.run(SuiteRunnerWorker.java:86)
	at org.testng.TestNG.runSuitesSequentially(TestNG.java:1224)
	at org.testng.TestNG.runSuitesLocally(TestNG.java:1149)
	at org.testng.TestNG.run(TestNG.java:1057)
	at org.testng.remote.RemoteTestNG.run(RemoteTestNG.java:111)
	at org.testng.remote.RemoteTestNG.initAndRun(RemoteTestNG.java:204)
	at org.testng.remote.RemoteTestNG.main(RemoteTestNG.java:175)
</pre></div></td>
<td>6</td>
<td>cn.Wolf.testScripts.FrontMyOrderTest@4563e9ab</td></tr>
</table><p>
<table width='100%' border='1' class='invocation-passed'>
<tr><td colspan='4' align='center'><b>PASSED TESTS</b></td></tr>
<tr><td><b>Test method</b></td>
<td width="30%"><b>Exception</b></td>
<td width="10%"><b>Time (seconds)</b></td>
<td><b>Instance</b></td>
</tr>
<tr>
<td title='cn.Wolf.testScripts.FrontSearchTest.brandTest()'><b>brandTest</b><br>Test class: cn.Wolf.testScripts.FrontSearchTest</td>
<td></td>
<td>3</td>
<td>cn.Wolf.testScripts.FrontSearchTest@11531931</td></tr>
<tr>
<td title='cn.Wolf.testScripts.FrontMyOrderTest.deleteTest()'><b>deleteTest</b><br>Test class: cn.Wolf.testScripts.FrontMyOrderTest</td>
<td></td>
<td>6</td>
<td>cn.Wolf.testScripts.FrontMyOrderTest@4563e9ab</td></tr>
<tr>
<td title='cn.Wolf.testScripts.FrontMyOrderTest.detailTest()'><b>detailTest</b><br>Test class: cn.Wolf.testScripts.FrontMyOrderTest</td>
<td></td>
<td>7</td>
<td>cn.Wolf.testScripts.FrontMyOrderTest@4563e9ab</td></tr>
<tr>
<td title='cn.Wolf.testScripts.FrontSearchTest.fashionwomenTest()'><b>fashionwomenTest</b><br>Test class: cn.Wolf.testScripts.FrontSearchTest</td>
<td></td>
<td>3</td>
<td>cn.Wolf.testScripts.FrontSearchTest@11531931</td></tr>
<tr>
<td title='cn.Wolf.testScripts.FrontSearchTest.friendshiplinkTest()'><b>friendshiplinkTest</b><br>Test class: cn.Wolf.testScripts.FrontSearchTest</td>
<td></td>
<td>3</td>
<td>cn.Wolf.testScripts.FrontSearchTest@11531931</td></tr>
<tr>
<td title='cn.Wolf.testScripts.FrontSearchTest.hotsearchTest()'><b>hotsearchTest</b><br>Test class: cn.Wolf.testScripts.FrontSearchTest</td>
<td></td>
<td>3</td>
<td>cn.Wolf.testScripts.FrontSearchTest@11531931</td></tr>
<tr>
<td title='cn.Wolf.testScripts.FrontSearchTest.huntersTest()'><b>huntersTest</b><br>Test class: cn.Wolf.testScripts.FrontSearchTest</td>
<td></td>
<td>3</td>
<td>cn.Wolf.testScripts.FrontSearchTest@11531931</td></tr>
<tr>
<td title='cn.Wolf.testScripts.FrontSearchTest.likeTest()'><b>likeTest</b><br>Test class: cn.Wolf.testScripts.FrontSearchTest</td>
<td></td>
<td>3</td>
<td>cn.Wolf.testScripts.FrontSearchTest@11531931</td></tr>
<tr>
<td title='cn.Wolf.testScripts.FrontMyOrderTest.loginTest()'><b>loginTest</b><br>Test class: cn.Wolf.testScripts.FrontMyOrderTest</td>
<td></td>
<td>6</td>
<td>cn.Wolf.testScripts.FrontMyOrderTest@4563e9ab</td></tr>
<tr>
<td title='cn.Wolf.testScripts.FrontSearchTest.navigationTest()'><b>navigationTest</b><br>Test class: cn.Wolf.testScripts.FrontSearchTest</td>
<td></td>
<td>3</td>
<td>cn.Wolf.testScripts.FrontSearchTest@11531931</td></tr>
<tr>
<td title='cn.Wolf.testScripts.FrontSearchTest.recommendTest()'><b>recommendTest</b><br>Test class: cn.Wolf.testScripts.FrontSearchTest</td>
<td></td>
<td>3</td>
<td>cn.Wolf.testScripts.FrontSearchTest@11531931</td></tr>
<tr>
<td title='cn.Wolf.testScripts.FrontSearchTest.searchboxTest()'><b>searchboxTest</b><br>Test class: cn.Wolf.testScripts.FrontSearchTest</td>
<td></td>
<td>3</td>
<td>cn.Wolf.testScripts.FrontSearchTest@11531931</td></tr>
<tr>
<td title='cn.Wolf.testScripts.FrontSearchTest.specialTest()'><b>specialTest</b><br>Test class: cn.Wolf.testScripts.FrontSearchTest</td>
<td></td>
<td>3</td>
<td>cn.Wolf.testScripts.FrontSearchTest@11531931</td></tr>
</table><p>
</body>
</html>