<?xml version="1.0" encoding="UTF-8"?>
<!-- Generated by org.testng.reporters.JUnitXMLReporter -->
<testsuite hostname="zjh" name="搜索模块用例|我的订单模块用例" tests="14" failures="1" timestamp="20 Dec 2016 09:37:58 GMT" time="136.823" errors="0">
  <testcase name="brandTest" time="3.495" classname="cn.Wolf.testScripts.FrontSearchTest"/>
  <testcase name="fashionwomenTest" time="3.323" classname="cn.Wolf.testScripts.FrontSearchTest"/>
  <testcase name="friendshiplinkTest" time="3.345" classname="cn.Wolf.testScripts.FrontSearchTest"/>
  <testcase name="hotsearchTest" time="3.393" classname="cn.Wolf.testScripts.FrontSearchTest"/>
  <testcase name="huntersTest" time="3.309" classname="cn.Wolf.testScripts.FrontSearchTest"/>
  <testcase name="likeTest" time="3.261" classname="cn.Wolf.testScripts.FrontSearchTest"/>
  <testcase name="navigationTest" time="3.444" classname="cn.Wolf.testScripts.FrontSearchTest"/>
  <testcase name="recommendTest" time="3.3" classname="cn.Wolf.testScripts.FrontSearchTest"/>
  <testcase name="searchboxTest" time="3.596" classname="cn.Wolf.testScripts.FrontSearchTest"/>
  <testcase name="specialTest" time="3.298" classname="cn.Wolf.testScripts.FrontSearchTest"/>
  <testcase name="loginTest" time="6.301" classname="cn.Wolf.testScripts.FrontMyOrderTest"/>
  <testcase name="shopTest" time="6.568" classname="cn.Wolf.testScripts.FrontMyOrderTest">
    <failure type="org.openqa.selenium.NoAlertPresentException" message="No alert is present (WARNING: The server did not provide any stacktrace information)
Command duration or timeout: 2.34 seconds
Build info: version: &amp;apos;2.53.0&amp;apos;, revision: &amp;apos;35ae25b&amp;apos;, time: &amp;apos;2016-03-15 17:00:58&amp;apos;
System info: host: &amp;apos;zjh&amp;apos;, ip: &amp;apos;10.7.90.177&amp;apos;, os.name: &amp;apos;Windows 10&amp;apos;, os.arch: &amp;apos;amd64&amp;apos;, os.version: &amp;apos;10.0&amp;apos;, java.version: &amp;apos;1.8.0_101&amp;apos;
Driver info: org.openqa.selenium.firefox.FirefoxDriver
Capabilities [{applicationCacheEnabled=true, rotatable=false, handlesAlerts=true, databaseEnabled=true, version=43.0.1, platform=WINDOWS, nativeEvents=false, acceptSslCerts=true, webStorageEnabled=true, locationContextEnabled=true, browserName=firefox, takesScreenshot=true, javascriptEnabled=true, cssSelectorsEnabled=true}]
Session ID: fcc40e99-66eb-47c2-945c-70adf38ab2ae">
      <![CDATA[org.openqa.selenium.NoAlertPresentException: No alert is present (WARNING: The server did not provide any stacktrace information)
Command duration or timeout: 2.34 seconds
Build info: version: '2.53.0', revision: '35ae25b', time: '2016-03-15 17:00:58'
System info: host: 'zjh', ip: '10.7.90.177', os.name: 'Windows 10', os.arch: 'amd64', os.version: '10.0', java.version: '1.8.0_101'
Driver info: org.openqa.selenium.firefox.FirefoxDriver
Capabilities [{applicationCacheEnabled=true, rotatable=false, handlesAlerts=true, databaseEnabled=true, version=43.0.1, platform=WINDOWS, nativeEvents=false, acceptSslCerts=true, webStorageEnabled=true, locationContextEnabled=true, browserName=firefox, takesScreenshot=true, javascriptEnabled=true, cssSelectorsEnabled=true}]
Session ID: fcc40e99-66eb-47c2-945c-70adf38ab2ae
	at org.openqa.selenium.remote.ErrorHandler.createThrowable(ErrorHandler.java:206)
	at org.openqa.selenium.remote.ErrorHandler.throwIfResponseFailed(ErrorHandler.java:158)
	at org.openqa.selenium.remote.RemoteWebDriver.execute(RemoteWebDriver.java:678)
	at org.openqa.selenium.remote.RemoteWebDriver.execute(RemoteWebDriver.java:701)
	at org.openqa.selenium.remote.RemoteWebDriver$RemoteTargetLocator.alert(RemoteWebDriver.java:1049)
	at cn.Wolf.cores.WebDriverEngine.getAlert(WebDriverEngine.java:354)
	at cn.Wolf.cores.WebDriverEngine.alertAccept(WebDriverEngine.java:416)
	at cn.Wolf.appModules.Shopcar.ShopcarTest(Shopcar.java:26)
	at cn.Wolf.testScripts.FrontMyOrderTest.shopTest(FrontMyOrderTest.java:26)
... Removed 28 stack frames]]>
    </failure>
  </testcase> <!-- shopTest -->
  <testcase name="detailTest" time="7.23" classname="cn.Wolf.testScripts.FrontMyOrderTest"/>
  <testcase name="deleteTest" time="6.87" classname="cn.Wolf.testScripts.FrontMyOrderTest"/>
</testsuite> <!-- 搜索模块用例|我的订单模块用例 -->
