<?xml version="1.0" encoding="UTF-8"?>
<!-- Generated by org.testng.reporters.JUnitXMLReporter -->
<testsuite hostname="zjh" name="订单管理|评价管理" tests="11" failures="2" timestamp="20 Dec 2016 09:57:58 GMT" time="71.431" errors="0">
  <testcase name="backlogin" time="7.498" classname="cn.Wolf.testScripts.BackOrderTest"/>
  <testcase name="orderlist" time="6.674" classname="cn.Wolf.testScripts.BackOrderTest"/>
  <testcase name="orderchange" time="7.161" classname="cn.Wolf.testScripts.BackOrderTest"/>
  <testcase name="orderdetail" time="7.006" classname="cn.Wolf.testScripts.BackOrderTest"/>
  <testcase name="ordernumber" time="6.833" classname="cn.Wolf.testScripts.BackOrderTest"/>
  <testcase name="orderdelete" time="3.467" classname="cn.Wolf.testScripts.BackOrderTest"/>
  <testcase name="backlogin" time="7.149" classname="cn.Wolf.testScripts.BackCommentTest"/>
  <testcase name="commentlist" time="6.798" classname="cn.Wolf.testScripts.BackCommentTest"/>
  <testcase name="commentreply" time="10.247" classname="cn.Wolf.testScripts.BackCommentTest"/>
  <testcase name="commentdelete" time="3.156" classname="cn.Wolf.testScripts.BackCommentTest">
    <failure type="java.lang.NullPointerException">
      <![CDATA[java.lang.NullPointerException
	at cn.Wolf.testScripts.BackCommentTest.commentdelete(BackCommentTest.java:46)
... Removed 24 stack frames]]>
    </failure>
  </testcase> <!-- commentdelete -->
  <testcase name="checkbox" time="0.322" classname="cn.Wolf.testScripts.BackCommentTest">
    <failure type="org.openqa.selenium.NoSuchElementException" message="Unable to locate element: {&amp;quot;method&amp;quot;:&amp;quot;xpath&amp;quot;,&amp;quot;selector&amp;quot;:&amp;quot;.//*[@id=&amp;apos;sample-table-1&amp;apos;]/thead/tr/th[1]/label/input&amp;quot;}
Command duration or timeout: 322 milliseconds
For documentation on this error, please visit: http://seleniumhq.org/exceptions/no_such_element.html
Build info: version: &amp;apos;2.53.0&amp;apos;, revision: &amp;apos;35ae25b&amp;apos;, time: &amp;apos;2016-03-15 17:00:58&amp;apos;
System info: host: &amp;apos;zjh&amp;apos;, ip: &amp;apos;10.7.90.177&amp;apos;, os.name: &amp;apos;Windows 10&amp;apos;, os.arch: &amp;apos;amd64&amp;apos;, os.version: &amp;apos;10.0&amp;apos;, java.version: &amp;apos;1.8.0_101&amp;apos;
Driver info: org.openqa.selenium.firefox.FirefoxDriver
Capabilities [{applicationCacheEnabled=true, rotatable=false, handlesAlerts=true, databaseEnabled=true, version=43.0.1, platform=WINDOWS, nativeEvents=false, acceptSslCerts=true, webStorageEnabled=true, locationContextEnabled=true, browserName=firefox, takesScreenshot=true, javascriptEnabled=true, cssSelectorsEnabled=true}]
Session ID: 6e0bf2b1-aa8c-4303-a1b5-fd06bf051338
*** Element info: {Using=xpath, value=.//*[@id=&amp;apos;sample-table-1&amp;apos;]/thead/tr/th[1]/label/input}">
      <![CDATA[org.openqa.selenium.NoSuchElementException: Unable to locate element: {"method":"xpath","selector":".//*[@id='sample-table-1']/thead/tr/th[1]/label/input"}
Command duration or timeout: 322 milliseconds
For documentation on this error, please visit: http://seleniumhq.org/exceptions/no_such_element.html
Build info: version: '2.53.0', revision: '35ae25b', time: '2016-03-15 17:00:58'
System info: host: 'zjh', ip: '10.7.90.177', os.name: 'Windows 10', os.arch: 'amd64', os.version: '10.0', java.version: '1.8.0_101'
Driver info: org.openqa.selenium.firefox.FirefoxDriver
Capabilities [{applicationCacheEnabled=true, rotatable=false, handlesAlerts=true, databaseEnabled=true, version=43.0.1, platform=WINDOWS, nativeEvents=false, acceptSslCerts=true, webStorageEnabled=true, locationContextEnabled=true, browserName=firefox, takesScreenshot=true, javascriptEnabled=true, cssSelectorsEnabled=true}]
Session ID: 6e0bf2b1-aa8c-4303-a1b5-fd06bf051338
*** Element info: {Using=xpath, value=.//*[@id='sample-table-1']/thead/tr/th[1]/label/input}
	at org.openqa.selenium.remote.ErrorHandler.createThrowable(ErrorHandler.java:206)
	at org.openqa.selenium.remote.ErrorHandler.throwIfResponseFailed(ErrorHandler.java:158)
	at org.openqa.selenium.remote.RemoteWebDriver.execute(RemoteWebDriver.java:678)
	at org.openqa.selenium.remote.RemoteWebDriver.findElement(RemoteWebDriver.java:363)
	at org.openqa.selenium.remote.RemoteWebDriver.findElementByXPath(RemoteWebDriver.java:500)
	at org.openqa.selenium.By$ByXPath.findElement(By.java:361)
	at org.openqa.selenium.remote.RemoteWebDriver.findElement(RemoteWebDriver.java:355)
	at org.openqa.selenium.support.pagefactory.DefaultElementLocator.findElement(DefaultElementLocator.java:69)
	at org.openqa.selenium.support.pagefactory.internal.LocatingElementHandler.invoke(LocatingElementHandler.java:38)
	at com.sun.proxy.$Proxy9.click(Unknown Source)
	at cn.Wolf.cores.WebDriverEngine2.click(WebDriverEngine2.java:185)
	at cn.Wolf.testScripts.BackCommentTest.checkbox(BackCommentTest.java:54)
Caused by: org.openqa.selenium.NoSuchElementException: Unable to locate element: {"method":"xpath","selector":".//*[@id='sample-table-1']/thead/tr/th[1]/label/input"}
For documentation on this error, please visit: http://seleniumhq.org/exceptions/no_such_element.html
Build info: version: '2.53.0', revision: '35ae25b', time: '2016-03-15 17:00:58'
System info: host: 'zjh', ip: '10.7.90.177', os.name: 'Windows 10', os.arch: 'amd64', os.version: '10.0', java.version: '1.8.0_101'
Driver info: driver.version: unknown
	at <anonymous class>.FirefoxDriver.prototype.findElementInternal_(file:///D:/personal/anonymous1952596111033123190webdriver-profile/extensions/fxdriver@googlecode.com/components/driver-component.js:10770)
	at <anonymous class>.FirefoxDriver.prototype.findElement(file:///D:/personal/anonymous1952596111033123190webdriver-profile/extensions/fxdriver@googlecode.com/components/driver-component.js:10779)
	at <anonymous class>.DelayedCommand.prototype.executeInternal_/h(file:///D:/personal/anonymous1952596111033123190webdriver-profile/extensions/fxdriver@googlecode.com/components/command-processor.js:12661)
	at <anonymous class>.DelayedCommand.prototype.executeInternal_(file:///D:/personal/anonymous1952596111033123190webdriver-profile/extensions/fxdriver@googlecode.com/components/command-processor.js:12666)
	at <anonymous class>.DelayedCommand.prototype.execute/<(file:///D:/personal/anonymous1952596111033123190webdriver-profile/extensions/fxdriver@googlecode.com/components/command-processor.js:12608)
... Removed 27 stack frames]]>
    </failure>
  </testcase> <!-- checkbox -->
</testsuite> <!-- 订单管理|评价管理 -->
